<?xml version="1.0" encoding="UTF-8"?>
<!-- Generated by org.testng.reporters.JUnitReportReporter -->
<testsuite hostname="skn2" failures="0" tests="2" name="TestRunner.TestRunner" time="44.020" errors="0" timestamp="2021-10-27T23:39:00 BST" skipped="0">
  <testcase classname="TestRunner.TestRunner" name="runScenario" time="14.834"/>
  <system-out/>
  <testcase classname="TestRunner.TestRunner" name="runScenario" time="29.186"/>
  <system-out/>
</testsuite> <!-- TestRunner.TestRunner -->
